     1                                  bits 32 ; assembling for the 32 bits architecture
     2                                  
     3                                  ; declare the EntryPoint (a label defining the very first instruction of the program)
     4                                  global start        
     5                                  
     6                                  ; declare external functions needed by our program
     7                                  extern exit               ; tell nasm that exit exists even if we won't be defining it
     8                                  import exit msvcrt.dll    ; exit is a function that ends the calling process. It is defined in msvcrt.dll
     9                                                            ; msvcrt.dll contains exit, printf and all the other important C-runtime specific functions
    10                                  
    11                                  ; our data is declared here (the variables needed by our program)
    12                                  segment data use32 class=data
    13                                      ; ...
    14 00000000 01                      	a db 1
    15 00000001 0200                    	b dw 2
    16 00000003 03000000                	c dd 3
    17 00000007 0400000000000000        	d dq 4
    18                                  
    19                                  ; our code starts here
    20                                  segment code use32 class=code
    21                                      start:
    22                                          ; ...
    23                                  		;(b+c+a)-(d+c+a)
    24 00000000 B800000000              		mov eax,0
    25 00000005 BB00000000              		mov ebx,0
    26 0000000A B900000000              		mov ecx,0
    27 0000000F BA00000000              		mov edx,0
    28                                  		
    29 00000014 A0[00000000]            		mov al,byte[a]
    30 00000019 668B1D[01000000]        		mov bx,word[b]
    31 00000020 01D8                    		add eax,ebx		;a+b
    32                                  		
    33 00000022 8B0D[03000000]          		mov ecx,[c]
    34                                  		
    35 00000028 01C1                    		add ecx,eax		;ecx =(a+b+c)
    36                                  		
    37 0000002A A1[07000000]            		mov eax,dword[d]
    38 0000002F 8B15[0B000000]          		mov edx,dword[d+4]
    39                                  		
    40 00000035 8B1D[03000000]          		mov ebx,[c]
    41 0000003B 01D8                    		add eax,ebx		;d+c
    42 0000003D 83D200                  		adc edx,0
    43 00000040 BB00000000              		mov ebx,0
    44 00000045 8A1D[00000000]          		mov bl,[a]
    45 0000004B 01D8                    		add eax,ebx		;eax=d+c+a
    46 0000004D 83D200                  		adc edx,0
    47                                  		
    48 00000050 29C1                    		sub ecx,eax
    49 00000052 83DA00                  		sbb edx,0
    50                                  		
    51                                          ; exit(0)
    52 00000055 6A00                            push    dword 0      ; push the parameter for exit onto the stack
    53 00000057 FF15[00000000]                  call    [exit]       ; call exit to terminate the program
