     1                                  bits 32 ; assembling for the 32 bits architecture
     2                                  
     3                                  ; declare the EntryPoint (a label defining the very first instruction of the program)
     4                                  global start        
     5                                  
     6                                  ; declare external functions needed by our program
     7                                  extern exit               ; tell nasm that exit exists even if we won't be defining it
     8                                  import exit msvcrt.dll    ; exit is a function that ends the calling process. It is defined in msvcrt.dll
     9                                                            ; msvcrt.dll contains exit, printf and all the other important C-runtime specific functions
    10                                  
    11                                  ; our data is declared here (the variables needed by our program)
    12                                  segment data use32 class=data
    13                                      ; ...
    14                                      ;a - byte, b - word, c - double word, d - qword - Interpretare cu semn
    15 00000000 0A                          a db 10
    16 00000001 0B00                        b dw 11
    17 00000003 0C000000                    c dd 12
    18 00000007 0D00000000000000            d dq 13
    19                                  
    20                                  ; our code starts here
    21                                  segment code use32 class=code
    22                                      ;Problema 2
    23                                      ;d-a+c+c-b+a
    24                                      
    25                                      start:
    26                                          ; ...
    27 00000000 B800000000                  mov eax,0
    28 00000005 A0[00000000]                mov al, [a]         ; eax = a 
    29 0000000A BB00000000                  mov ebx, 0
    30 0000000F 668B1D[01000000]            mov bx,[b]        ; ebx = b (sign-extend word to 32-bit)
    31 00000016 8B0D[03000000]              mov ecx, [c]        ; ecx = c (dword is already 32-bit)
    32 0000001C 8B15[07000000]              mov edx, dword [d]  ; edx = d (treat as dword)
    33                                      
    34 00000022 29C2                        sub edx, eax            
    35                                      ;edx= d - a
    36                                      
    37 00000024 01CA                        add edx, ecx          
    38                                      ;edx= d - a + c
    39                                      
    40 00000026 01CA                        add edx, ecx             
    41                                      ;edx= d - a + c + c
    42                                      
    43 00000028 29DA                        sub edx, ebx             
    44                                      ;edx= d - a + c + c - b
    45                                      
    46 0000002A 01C2                        add edx, eax             
    47                                      ;edx= d - a + c + c - b + a
    48                                      
    49                                          ; exit(0)
    50 0000002C 6A00                            push    dword 0      ; push the parameter for exit onto the stack
    51 0000002E FF15[00000000]                  call    [exit]       ; call exit to terminate the program
