     1                                  bits 32 ; assembling for the 32 bits architecture
     2                                  
     3                                  ; declare the EntryPoint (a label defining the very first instruction of the program)
     4                                  global start        
     5                                  
     6                                  ; declare external functions needed by our program
     7                                  extern exit               ; tell nasm that exit exists even if we won't be defining it
     8                                  import exit msvcrt.dll    ; exit is a function that ends the calling process. It is defined in msvcrt.dll
     9                                                            ; msvcrt.dll contains exit, printf and all the other important C-runtime specific functions
    10                                  
    11                                  ; our data is declared here (the variables needed by our program)
    12                                  segment data use32 class=data
    13                                      ; ...
    14 00000000 01020304                	s db 1,2,3,4
    15                                  	l equ $-s
    16 00000004 00<rept>                	d times l-1 db 0
    17                                  	
    18                                  ; our code starts here
    19                                  segment code use32 class=code
    20                                      start:
    21                                          ; ...
    22                                  		
    23 00000000 B903000000              		mov ecx,l-1
    24 00000005 BE[00000000]            		mov esi,s
    25 0000000A BF[04000000]            		mov edi,d
    26 0000000F B800000000              		mov eax,0
    27 00000014 BB00000000              		mov ebx,0
    28                                  		
    29                                  		repeta:
    30 00000019 8A06                    			mov al,byte[esi]
    31 0000001B 46                      			inc esi
    32 0000001C 8A1E                    			mov bl,byte[esi]
    33 0000001E F6E3                    			mul bl
    34                                  			;ax=al*bl
    35                                  			
    36 00000020 8807                    			mov byte[edi],al
    37 00000022 47                      			inc edi
    38                                  			
    39 00000023 E2F4                    		loop repeta
    40                                          ; exit(0)
    41 00000025 6A00                            push    dword 0      ; push the parameter for exit onto the stack
    42 00000027 FF15[00000000]                  call    [exit]       ; call exit to terminate the program
