     1                                  bits 32 ; assembling for the 32 bits architecture
     2                                  
     3                                  ; declare the EntryPoint (a label defining the very first instruction of the program)
     4                                  global start        
     5                                  
     6                                  ; declare external functions needed by our program
     7                                  extern exit               ; tell nasm that exit exists even if we won't be defining it
     8                                  import exit msvcrt.dll    ; exit is a function that ends the calling process. It is defined in msvcrt.dll
     9                                                            ; msvcrt.dll contains exit, printf and all the other important C-runtime specific functions
    10                                  
    11                                  ; our data is declared here (the variables needed by our program)
    12                                  segment data use32 class=data
    13                                      ; ...
    14                                      ;Se dau cuvintele A si B. Se cere dublucuvantul C:
    15                                      ;bitii 0-2 ai lui C au valoarea 0
    16                                      ;bitii 3-5 ai lui C au valoarea 1
    17                                      ;bitii 6-9 ai lui C coincid cu bitii 11-14 ai lui A
    18                                      ;bitii 10-15 ai lui C coincid cu bitii 1-6 ai lui B
    19                                      ;bitii 16-31 ai lui C au valoarea 1
    20 00000000 0D00                        a dw 13
    21 00000002 0C00                        b dw 12
    22 00000004 00000000                    c dd 0
    23                                      
    24                                  ; our code starts here
    25                                  
    26                                  segment code use32 class=code
    27                                      start:
    28                                          ; ...
    29 00000000 8B0D[04000000]              mov ecx,[c]
    30 00000006 66A1[00000000]              mov ax,[a]
    31 0000000C 668B1D[02000000]            mov bx,[b]
    32                                      
    33 00000013 6625007C                    and ax,011110000000000         ; we isolate the bits 11-14
    33          ******************       warning: word data exceeds bounds [-w+number-overflow]
    34 00000017 66C1E805                    shr ax,5                       ; move bits to pos 6
    35                                      or ecx,ax                      ; 
    35          ******************       error: invalid combination of opcode and operands
    36                                      
    37 0000001B 6681E307B2                  and bx,0111111                 ; isolate the bits 1-6
    37          ******************       warning: word data exceeds bounds [-w+number-overflow]
    38 00000020 66C1E309                    shl bx,9                       ; shift the bits to pos 
    39                                      or ecx,bx
    39          ******************       error: invalid combination of opcode and operands
    40                                      
    41 00000024 81C900001111                or ecx,0x11110000              ; set bits 16-31 to 1    
    42 0000002A C1C120                      rol ecx,32                     ; rotate the number
    43 0000002D 890D[04000000]              mov [c],ecx
    44                                      
    45                                          ; exit(0)
    46 00000033 6A00                            push    dword 0      ; push the parameter for exit onto the stack
    47 00000035 FF15[00000000]                  call    [exit]       ; call exit to terminate the program
