     1                                  bits 32 ; assembling for the 32 bits architecture
     2                                  
     3                                  ; declare the EntryPoint (a label defining the very first instruction of the program)
     4                                  global start        
     5                                  
     6                                  ; declare external functions needed by our program
     7                                  extern exit               ; tell nasm that exit exists even if we won't be defining it
     8                                  import exit msvcrt.dll    ; exit is a function that ends the calling process. It is defined in msvcrt.dll
     9                                                            ; msvcrt.dll contains exit, printf and all the other important C-runtime specific functions
    10                                  
    11                                  ; our data is declared here (the variables needed by our program)
    12                                  segment data use32 class=data
    13                                      ; ...
    14 00000000 0A                          a db 10
    15 00000001 19                          b db 25
    16 00000002 09                          c db 9
    17 00000003 0B                          d db 11
    18                                      
    19                                  ; our code starts here
    20                                  segment code use32 class=code
    21                                      start:
    22                                          ; ...
    23 00000000 B800000000                      mov eax, 0
    24 00000005 A0[03000000]                    mov al,byte[d]
    25 0000000A 8A1D[00000000]                  mov bl,[a]
    26 00000010 28D8                            sub al, bl
    27                                          
    28 00000012 8A1D[02000000]                  mov bl, [c]
    29 00000018 28D8                            sub al,bl
    30 0000001A 28D8                            sub al ,bl
    31 0000001C 28D8                            sub al ,bl
    32                                          ; exit(0)
    33 0000001E 6A00                            push    dword 0      ; push the parameter for exit onto the stack
    34 00000020 FF15[00000000]                  call    [exit]       ; call exit to terminate the program
