     1                                  bits 32 ; assembling for the 32 bits architecture
     2                                  
     3                                  ; declare the EntryPoint (a label defining the very first instruction of the program)
     4                                  global start        
     5                                  
     6                                  ; declare external functions needed by our program
     7                                  extern exit               ; tell nasm that exit exists even if we won't be defining it
     8                                  import exit msvcrt.dll    ; exit is a function that ends the calling process. It is defined in msvcrt.dll
     9                                                            ; msvcrt.dll contains exit, printf and all the other important C-runtime specific functions
    10                                  
    11                                  ; our data is declared here (the variables needed by our program)
    12                                  segment data use32 class=data
    13                                      ; ...
    14 00000000 19                          a db 25
    15 00000001 0A                          b db 10
    16 00000002 08                          c db 8
    17 00000003 1200                        d dw 18
    18                                      ;[(a-b)*5+d]-2*c
    19                                  ; our code starts here
    20                                  segment code use32 class=code
    21                                      start:
    22                                          ; ...
    23 00000000 A0[00000000]                    mov al,[a]
    24 00000005 8A1D[01000000]                  mov bl,[b]
    25 0000000B 28D8                            sub al,bl
    26                                          
    27 0000000D B105                            mov cl,5
    28 0000000F F6E1                            mul cl
    29 00000011 668B1D[03000000]                mov bx,[d]
    30 00000018 6601D8                          add ax,bx
    31                                          
    32 0000001B 6689C1                          mov cx,ax
    33 0000001E B302                            mov bl,2
    34 00000020 A0[02000000]                    mov al,[c]
    35 00000025 F6E3                            mul bl
    36                                          
    37                                          
    38 00000027 6629C1                          sub cx,ax        
    39                                          
    40                                          
    41                                          
    42                                          ; exit(0)
    43 0000002A 6A00                            push    dword 0      ; push the parameter for exit onto the stack
    44 0000002C FF15[00000000]                  call    [exit]       ; call exit to terminate the program
