     1                                  bits 32 ; assembling for the 32 bits architecture
     2                                  
     3                                  ; declare the EntryPoint (a label defining the very first instruction of the program)
     4                                  global start        
     5                                  
     6                                  ; declare external functions needed by our program
     7                                  extern exit               ; tell nasm that exit exists even if we won't be defining it
     8                                  import exit msvcrt.dll    ; exit is a function that ends the calling process. It is defined in msvcrt.dll
     9                                                            ; msvcrt.dll contains exit, printf and all the other important C-runtime specific functions
    10                                  
    11                                  ; our data is declared here (the variables needed by our program)
    12                                  segment data use32 class=data
    13                                      ; ...
    14 00000000 0A                          a db 10
    15 00000001 6400                        e dw 100
    16 00000003 6400                        h dw 100
    17                                  ; our code starts here
    18                                  segment code use32 class=code
    19                                      start:
    20                                          ; ...
    21 00000000 B800000000                      mov eax, 0
    22 00000005 A0[00000000]                    mov al,[a]
    23 0000000A B303                            mov bl,3
    24 0000000C F6E3                            mul bl
    25                                          
    26 0000000E 668B1D[01000000]                mov bx,[e]
    27 00000015 668B0D[03000000]                mov cx,[h]
    28 0000001C 6601CB                          add bx,cx
    29                                          
    30 0000001F 6629C3                          sub bx,ax
    31 00000022 66B86400                        mov ax,100
    32 00000026 66F7F3                          div bx
    33 00000029 50                              push eax
    34                                          
    35                                          ; exit(0)
    36 0000002A 6A00                            push    dword 0      ; push the parameter for exit onto the stack
    37 0000002C FF15[00000000]                  call    [exit]       ; call exit to terminate the program
