     1                                  bits 32 ; assembling for the 32 bits architecture
     2                                  
     3                                  ; declare the EntryPoint (a label defining the very first instruction of the program)
     4                                  global start        
     5                                  
     6                                  ; declare external functions needed by our program
     7                                  extern exit               ; tell nasm that exit exists even if we won't be defining it
     8                                  import exit msvcrt.dll    ; exit is a function that ends the calling process. It is defined in msvcrt.dll
     9                                                            ; msvcrt.dll contains exit, printf and all the other important C-runtime specific functions
    10                                  
    11                                  ; our data is declared here (the variables needed by our program)
    12                                  segment data use32 class=data
    13                                      ; ...
    14 00000000 0A00                        a dw 10
    15 00000002 0500                        b dw 5
    16 00000004 0B00                        c dw 11
    17 00000006 0700                        d dw 7
    18                                  ; our code starts here
    19                                  segment code use32 class=code
    20                                      start:
    21                                          ; ...
    22 00000000 66A1[00000000]                  mov ax,[a]
    23 00000006 668B1D[02000000]                mov bx,[b]
    24 0000000D 6629D8                          sub ax,bx
    25                                          
    26 00000010 668B1D[04000000]                mov bx,[c]
    27 00000017 668B0D[06000000]                mov cx,[d]
    28 0000001E 6629CB                          sub bx,cx
    29 00000021 668B0D[00000000]                mov cx,[a]
    30 00000028 6601CB                          add bx ,cx
    31                                          
    32 0000002B 6601D8                          add ax, bx
    33                                          
    34                                          ; exit(0)
    35 0000002E 6A00                            push    dword 0      ; push the parameter for exit onto the stack
    36 00000030 FF15[00000000]                  call    [exit]       ; call exit to terminate the program
